0 info it worked if it ends with ok
1 verbose cli [ '/Users/gcyAccount/.nvm/versions/node/v6.10.0/bin/node',
1 verbose cli   '/Users/gcyAccount/.nvm/versions/node/v6.10.0/bin/npm',
1 verbose cli   'publish' ]
2 info using npm@3.10.10
3 info using node@v6.10.0
4 verbose publish [ '.' ]
5 silly cache add args [ '.', null ]
6 verbose cache add spec .
7 silly cache add parsed spec Result {
7 silly cache add   raw: '.',
7 silly cache add   scope: null,
7 silly cache add   escapedName: null,
7 silly cache add   name: null,
7 silly cache add   rawSpec: '.',
7 silly cache add   spec: '/SelfBuildAccount/ra-jsdt',
7 silly cache add   type: 'directory' }
8 verbose addLocalDirectory /Users/gcyAccount/.npm/ra-jsdt/0.0.1/package.tgz not in flight; packing
9 verbose correctMkdir /Users/gcyAccount/.npm correctMkdir not in flight; initializing
10 info lifecycle ra-jsdt@0.0.1~prepublish: ra-jsdt@0.0.1
11 silly lifecycle ra-jsdt@0.0.1~prepublish: no script for prepublish, continuing
12 verbose tar pack [ '/Users/gcyAccount/.npm/ra-jsdt/0.0.1/package.tgz',
12 verbose tar pack   '/SelfBuildAccount/ra-jsdt' ]
13 verbose tarball /Users/gcyAccount/.npm/ra-jsdt/0.0.1/package.tgz
14 verbose folder /SelfBuildAccount/ra-jsdt
15 verbose addLocalTarball adding from inside cache /Users/gcyAccount/.npm/ra-jsdt/0.0.1/package.tgz
16 verbose correctMkdir /Users/gcyAccount/.npm correctMkdir not in flight; initializing
17 silly cache afterAdd ra-jsdt@0.0.1
18 verbose afterAdd /Users/gcyAccount/.npm/ra-jsdt/0.0.1/package/package.json not in flight; writing
19 verbose correctMkdir /Users/gcyAccount/.npm correctMkdir not in flight; initializing
20 verbose afterAdd /Users/gcyAccount/.npm/ra-jsdt/0.0.1/package/package.json written
21 silly publish { name: 'ra-jsdt',
21 silly publish   version: '0.0.1',
21 silly publish   description: ' write code in nice way  through ra',
21 silly publish   main: 'index.js',
21 silly publish   scripts: { test: 'echo "Error: no test specified" && exit 1' },
21 silly publish   repository: { type: 'git', url: 'git+https://github.com/gcyStar/ra.git' },
21 silly publish   keywords: [ 'genrator', 'auto' ],
21 silly publish   author: { name: 'gcy' },
21 silly publish   license: 'ISC',
21 silly publish   devDependencies:
21 silly publish    { 'babel-core': '^6.23.1',
21 silly publish      'babel-loader': '^6.3.2',
21 silly publish      'babel-preset-es2015': '^6.22.0',
21 silly publish      'cross-env': '^3.1.4',
21 silly publish      webpack: '^2.2.1' },
21 silly publish   bugs: { url: 'https://github.com/gcyStar/ra/issues' },
21 silly publish   homepage: 'https://github.com/gcyStar/ra#readme',
21 silly publish   readme: '## ra\n\nmake you write code in a nice way through ra.\n\n## ra@0.01\n\nnow it\'s just ra@0.0.1,which relies on promise or thunk .Because at the beginning, so also in the construction of perfecting\n\n###  primary API\n\n  * ra.run();  //thunk function invoke \n  \n  ```\n      ra.run(function* () {\n          const msg0= yield fn(\'hello\',\'world\');\n          console.log("msg0 "+msg0); //hello world gcy //sync cb logic\n      });\n  ```\n  * ra.run.toTK();  //covert normal funtion to thunk\n  \n  ```\n      function hw(h,w,cb) {\n          let hwg=h+" "+w+" "+"gcy";\n          cb(hwg);\n      }\n      let fn=ra.run.toTK(hw);\n  ```\n  \n  * ra.runPromise();   //promise  invoke \n```\n    let hra=ra.runPromise(function* () {\n        console.log("begin");\n        let ret=yield hwAsync(\'hello\',\'world\');\n        console.log(ret);  //hello world gcy //sync cb logic\n    });\n    hra();\n```\n## Installation\n \n### Direct script Include\n```\n      <script src="ra/dist/index.js" /> \n ```\n### NPM\n \n  npm install ra-jsdt\n  \n## Examples\n \n```\n//    thunk demo\n    function hw(h,w,cb) {\n        let hwg=h+" "+w+" "+"gcy";\n        cb(hwg);\n    }\n    let fn=ra.run.toTK(hw);\n    ra.run(function* () {\n        const msg0= yield fn(\'hello\',\'world\');\n        console.log("msg0 "+msg0); //hello world gcy //sync cb logic\n    });\n//    ---------------------------------------------------------------\n//    promise demo\n    let hwAsync= (h,w) => {\n    return new Promise((resolve,reject) => {\n                let hwg=h+" "+w+" "+"gcy";\n                    resolve(hwg);\n            });}\n\n    let hra=ra.runPromise(function* () {\n        console.log("begin");\n        let ret=yield hwAsync(\'hello\',\'world\');\n        console.log(ret);  //hello world gcy //sync cb logic\n    });\n    hra();\n    \n```\n\n## License\n\n  MIT\n',
21 silly publish   readmeFilename: 'README.md',
21 silly publish   gitHead: 'fae9d0d226fe6c62c86d3c4fc08e77a9970010e7',
21 silly publish   _id: 'ra-jsdt@0.0.1',
21 silly publish   _shasum: 'febb7eef03db1ca9e4fa0e55ffcad3a0489667fa',
21 silly publish   _from: '.' }
22 verbose getPublishConfig undefined
23 silly mapToRegistry name ra-jsdt
24 silly mapToRegistry using default registry
25 silly mapToRegistry registry https://registry.npmjs.org/
26 silly mapToRegistry data Result {
26 silly mapToRegistry   raw: 'ra-jsdt',
26 silly mapToRegistry   scope: null,
26 silly mapToRegistry   escapedName: 'ra-jsdt',
26 silly mapToRegistry   name: 'ra-jsdt',
26 silly mapToRegistry   rawSpec: '',
26 silly mapToRegistry   spec: 'latest',
26 silly mapToRegistry   type: 'tag' }
27 silly mapToRegistry uri https://registry.npmjs.org/ra-jsdt
28 verbose publish registryBase https://registry.npmjs.org/
29 silly publish uploading /Users/gcyAccount/.npm/ra-jsdt/0.0.1/package.tgz
30 verbose request uri https://registry.npmjs.org/ra-jsdt
31 verbose request sending authorization for write operation
32 info attempt registry request try #1 at 9:13:39 PM
33 verbose request using bearer token for auth
34 verbose request id 410180347cdda305
35 http request PUT https://registry.npmjs.org/ra-jsdt
36 http 403 https://registry.npmjs.org/ra-jsdt
37 verbose headers { 'content-type': 'application/json',
37 verbose headers   'cache-control': 'max-age=300',
37 verbose headers   'content-length': '95',
37 verbose headers   'accept-ranges': 'bytes',
37 verbose headers   date: 'Mon, 13 Mar 2017 13:14:03 GMT',
37 verbose headers   via: '1.1 varnish',
37 verbose headers   connection: 'keep-alive',
37 verbose headers   'x-served-by': 'cache-nrt6134-NRT',
37 verbose headers   'x-cache': 'MISS',
37 verbose headers   'x-cache-hits': '0',
37 verbose headers   'x-timer': 'S1489410843.210571,VS0,VE392',
37 verbose headers   vary: 'Accept-Encoding' }
38 verbose request invalidating /Users/gcyAccount/.npm/registry.npmjs.org/ra-jsdt on PUT
39 error publish Failed PUT 403
40 verbose stack Error: "You cannot publish over the previously published version 0.0.1." : ra-jsdt
40 verbose stack     at makeError (/Users/gcyAccount/.nvm/versions/node/v6.10.0/lib/node_modules/npm/node_modules/npm-registry-client/lib/request.js:302:12)
40 verbose stack     at CachingRegistryClient.<anonymous> (/Users/gcyAccount/.nvm/versions/node/v6.10.0/lib/node_modules/npm/node_modules/npm-registry-client/lib/request.js:290:14)
40 verbose stack     at Request._callback (/Users/gcyAccount/.nvm/versions/node/v6.10.0/lib/node_modules/npm/node_modules/npm-registry-client/lib/request.js:210:14)
40 verbose stack     at Request.self.callback (/Users/gcyAccount/.nvm/versions/node/v6.10.0/lib/node_modules/npm/node_modules/request/request.js:187:22)
40 verbose stack     at emitTwo (events.js:106:13)
40 verbose stack     at Request.emit (events.js:191:7)
40 verbose stack     at Request.<anonymous> (/Users/gcyAccount/.nvm/versions/node/v6.10.0/lib/node_modules/npm/node_modules/request/request.js:1048:10)
40 verbose stack     at emitOne (events.js:96:13)
40 verbose stack     at Request.emit (events.js:188:7)
40 verbose stack     at IncomingMessage.<anonymous> (/Users/gcyAccount/.nvm/versions/node/v6.10.0/lib/node_modules/npm/node_modules/request/request.js:969:12)
41 verbose statusCode 403
42 verbose pkgid ra-jsdt
43 verbose cwd /SelfBuildAccount/ra-jsdt
44 error Darwin 15.6.0
45 error argv "/Users/gcyAccount/.nvm/versions/node/v6.10.0/bin/node" "/Users/gcyAccount/.nvm/versions/node/v6.10.0/bin/npm" "publish"
46 error node v6.10.0
47 error npm  v3.10.10
48 error code E403
49 error "You cannot publish over the previously published version 0.0.1." : ra-jsdt
50 error If you need help, you may report this error at:
50 error     <https://github.com/npm/npm/issues>
51 verbose exit [ 1, true ]
